<?xml version="1.0" encoding="UTF-8"?>
<!-- Generated by org.testng.reporters.JUnitXMLReporter -->
<testsuite ignored="0" hostname="Prabhat" failures="1" tests="7" name="Search Tests" time="240.862" errors="0" timestamp="2025-10-27T19:59:57 IST">
  <testcase classname="tests.LoginTest" name="loginToFlipkart" time="1.528"/>
  <testcase classname="tests.Searchtest" name="searchProductTest" time="28.155"/>
  <testcase classname="tests.Searchtest" name="searchProductTest" time="40.484">
    <skipped/>
  </testcase> <!-- searchProductTest -->
  <testcase classname="tests.Searchtest" name="searchProductTest" time="9.96">
    <skipped/>
  </testcase> <!-- searchProductTest -->
  <testcase classname="tests.Searchtest" name="searchProductTest" time="9.918">
    <failure type="java.lang.AssertionError" message="Expected product &amp;apos;Shoes&amp;apos; not found in page title: NOBELITE Premium Sports ,Gym, Trending, Stylish Casuals For Men - Buy NOBELITE Premium Sports ,Gym, Trending, Stylish Casuals For Men Online at Best Price - Shop Online for Footwears in India | Flipkart.com expected [true] but found [false]">
      <![CDATA[java.lang.AssertionError: Expected product 'Shoes' not found in page title: NOBELITE Premium Sports ,Gym, Trending, Stylish Casuals For Men - Buy NOBELITE Premium Sports ,Gym, Trending, Stylish Casuals For Men Online at Best Price - Shop Online for Footwears in India | Flipkart.com expected [true] but found [false]
at tests.Searchtest.searchProductTest(Searchtest.java:116)
at java.base/java.util.ArrayList.forEach(ArrayList.java:1511)
... Removed 34 stack frames]]>
    </failure>
  </testcase> <!-- searchProductTest -->
  <testcase classname="tests.Searchtest" name="searchProductTest" time="24.775"/>
  <testcase classname="tests.Searchtest" name="searchProductTest" time="22.363"/>
</testsuite> <!-- Search Tests -->
